2026-01-26 00:03:37.062 [nacos-grpc-client-executor-localhost-1376] INFO  com.alibaba.nacos.common.remote.client - [db8b860c-faa6-4153-8c1f-e303537fff23] Receive server push request, request = ClientDetectionRequest, requestId = 102
2026-01-26 00:03:37.095 [nacos-grpc-client-executor-localhost-1376] INFO  com.alibaba.nacos.common.remote.client - [db8b860c-faa6-4153-8c1f-e303537fff23] Ack server push request, request = ClientDetectionRequest, requestId = 102
2026-01-26 00:03:38.868 [HikariPool-1 housekeeper] WARN  com.zaxxer.hikari.pool.HikariPool - HikariPool-1 - Thread starvation or clock leap detected (housekeeper delta=8m25s426ms).
2026-01-26 00:21:36.173 [nacos-grpc-client-executor-localhost-1391] INFO  com.alibaba.nacos.common.remote.client - [db8b860c-faa6-4153-8c1f-e303537fff23] Receive server push request, request = ClientDetectionRequest, requestId = 105
2026-01-26 00:21:36.177 [nacos-grpc-client-executor-localhost-1391] INFO  com.alibaba.nacos.common.remote.client - [db8b860c-faa6-4153-8c1f-e303537fff23] Ack server push request, request = ClientDetectionRequest, requestId = 105
2026-01-26 00:21:37.888 [HikariPool-1 housekeeper] WARN  com.zaxxer.hikari.pool.HikariPool - HikariPool-1 - Thread starvation or clock leap detected (housekeeper delta=17m29s11ms).
2026-01-26 00:37:26.543 [HikariPool-1 housekeeper] WARN  com.zaxxer.hikari.pool.HikariPool - HikariPool-1 - Thread starvation or clock leap detected (housekeeper delta=15m48s654ms).
2026-01-26 00:55:27.478 [nacos-grpc-client-executor-localhost-1412] INFO  com.alibaba.nacos.common.remote.client - [db8b860c-faa6-4153-8c1f-e303537fff23] Receive server push request, request = ClientDetectionRequest, requestId = 108
2026-01-26 00:55:27.479 [nacos-grpc-client-executor-localhost-1412] INFO  com.alibaba.nacos.common.remote.client - [db8b860c-faa6-4153-8c1f-e303537fff23] Ack server push request, request = ClientDetectionRequest, requestId = 108
2026-01-26 00:55:29.108 [HikariPool-1 housekeeper] WARN  com.zaxxer.hikari.pool.HikariPool - HikariPool-1 - Thread starvation or clock leap detected (housekeeper delta=17m32s369ms).
2026-01-26 01:04:34.545 [nacos-grpc-client-executor-localhost-1424] INFO  com.alibaba.nacos.common.remote.client - [db8b860c-faa6-4153-8c1f-e303537fff23] Receive server push request, request = ClientDetectionRequest, requestId = 110
2026-01-26 01:04:34.552 [nacos-grpc-client-executor-localhost-1424] INFO  com.alibaba.nacos.common.remote.client - [db8b860c-faa6-4153-8c1f-e303537fff23] Ack server push request, request = ClientDetectionRequest, requestId = 110
2026-01-26 01:04:36.152 [HikariPool-1 housekeeper] WARN  com.zaxxer.hikari.pool.HikariPool - HikariPool-1 - Thread starvation or clock leap detected (housekeeper delta=9m7s44ms).
2026-01-26 01:22:35.333 [nacos-grpc-client-executor-localhost-1432] INFO  com.alibaba.nacos.common.remote.client - [db8b860c-faa6-4153-8c1f-e303537fff23] Receive server push request, request = ClientDetectionRequest, requestId = 113
2026-01-26 01:22:35.341 [nacos-grpc-client-executor-localhost-1432] INFO  com.alibaba.nacos.common.remote.client - [db8b860c-faa6-4153-8c1f-e303537fff23] Ack server push request, request = ClientDetectionRequest, requestId = 113
2026-01-26 01:22:36.898 [HikariPool-1 housekeeper] WARN  com.zaxxer.hikari.pool.HikariPool - HikariPool-1 - Thread starvation or clock leap detected (housekeeper delta=18m746ms).
2026-01-26 01:41:23.323 [nacos-grpc-client-executor-localhost-1445] INFO  com.alibaba.nacos.common.remote.client - [db8b860c-faa6-4153-8c1f-e303537fff23] Receive server push request, request = ClientDetectionRequest, requestId = 115
2026-01-26 01:41:23.332 [nacos-grpc-client-executor-localhost-1445] INFO  com.alibaba.nacos.common.remote.client - [db8b860c-faa6-4153-8c1f-e303537fff23] Ack server push request, request = ClientDetectionRequest, requestId = 115
2026-01-26 01:41:24.825 [HikariPool-1 housekeeper] WARN  com.zaxxer.hikari.pool.HikariPool - HikariPool-1 - Thread starvation or clock leap detected (housekeeper delta=18m17s951ms).
2026-01-26 01:58:41.233 [nacos-grpc-client-executor-localhost-1451] INFO  com.alibaba.nacos.common.remote.client - [db8b860c-faa6-4153-8c1f-e303537fff23] Receive server push request, request = ClientDetectionRequest, requestId = 118
2026-01-26 01:58:41.237 [nacos-grpc-client-executor-localhost-1451] INFO  com.alibaba.nacos.common.remote.client - [db8b860c-faa6-4153-8c1f-e303537fff23] Ack server push request, request = ClientDetectionRequest, requestId = 118
2026-01-26 01:58:42.701 [HikariPool-1 housekeeper] WARN  com.zaxxer.hikari.pool.HikariPool - HikariPool-1 - Thread starvation or clock leap detected (housekeeper delta=17m17s875ms).
2026-01-26 02:05:59.674 [HikariPool-1 housekeeper] WARN  com.zaxxer.hikari.pool.HikariPool - HikariPool-1 - Thread starvation or clock leap detected (housekeeper delta=6m46s971ms).
2026-01-26 02:22:59.812 [nacos-grpc-client-executor-localhost-1479] INFO  com.alibaba.nacos.common.remote.client - [db8b860c-faa6-4153-8c1f-e303537fff23] Receive server push request, request = ClientDetectionRequest, requestId = 122
2026-01-26 02:22:59.814 [nacos-grpc-client-executor-localhost-1479] INFO  com.alibaba.nacos.common.remote.client - [db8b860c-faa6-4153-8c1f-e303537fff23] Ack server push request, request = ClientDetectionRequest, requestId = 122
2026-01-26 02:23:01.180 [HikariPool-1 housekeeper] WARN  com.zaxxer.hikari.pool.HikariPool - HikariPool-1 - Thread starvation or clock leap detected (housekeeper delta=17m1s507ms).
2026-01-26 02:39:10.361 [HikariPool-1 housekeeper] WARN  com.zaxxer.hikari.pool.HikariPool - HikariPool-1 - Thread starvation or clock leap detected (housekeeper delta=15m39s141ms).
2026-01-26 02:57:00.203 [nacos-grpc-client-executor-localhost-1507] INFO  com.alibaba.nacos.common.remote.client - [db8b860c-faa6-4153-8c1f-e303537fff23] Receive server push request, request = ClientDetectionRequest, requestId = 125
2026-01-26 02:57:00.208 [nacos-grpc-client-executor-localhost-1507] INFO  com.alibaba.nacos.common.remote.client - [db8b860c-faa6-4153-8c1f-e303537fff23] Ack server push request, request = ClientDetectionRequest, requestId = 125
2026-01-26 02:57:01.476 [HikariPool-1 housekeeper] WARN  com.zaxxer.hikari.pool.HikariPool - HikariPool-1 - Thread starvation or clock leap detected (housekeeper delta=17m51s116ms).
2026-01-26 03:06:55.457 [HikariPool-1 housekeeper] WARN  com.zaxxer.hikari.pool.HikariPool - HikariPool-1 - Thread starvation or clock leap detected (housekeeper delta=9m23s970ms).
2026-01-26 03:24:52.726 [HikariPool-1 housekeeper] WARN  com.zaxxer.hikari.pool.HikariPool - HikariPool-1 - Thread starvation or clock leap detected (housekeeper delta=17m57s268ms).
2026-01-26 03:42:39.409 [nacos-grpc-client-executor-localhost-1548] INFO  com.alibaba.nacos.common.remote.client - [db8b860c-faa6-4153-8c1f-e303537fff23] Receive server push request, request = ClientDetectionRequest, requestId = 131
2026-01-26 03:42:39.411 [nacos-grpc-client-executor-localhost-1548] INFO  com.alibaba.nacos.common.remote.client - [db8b860c-faa6-4153-8c1f-e303537fff23] Ack server push request, request = ClientDetectionRequest, requestId = 131
2026-01-26 03:42:40.489 [HikariPool-1 housekeeper] WARN  com.zaxxer.hikari.pool.HikariPool - HikariPool-1 - Thread starvation or clock leap detected (housekeeper delta=17m17s752ms).
2026-01-26 03:55:41.423 [HikariPool-1 housekeeper] WARN  com.zaxxer.hikari.pool.HikariPool - HikariPool-1 - Thread starvation or clock leap detected (housekeeper delta=13m934ms).
2026-01-26 04:08:00.458 [nacos-grpc-client-executor-localhost-1572] INFO  com.alibaba.nacos.common.remote.client - [db8b860c-faa6-4153-8c1f-e303537fff23] Receive server push request, request = ClientDetectionRequest, requestId = 135
2026-01-26 04:08:00.460 [nacos-grpc-client-executor-localhost-1572] INFO  com.alibaba.nacos.common.remote.client - [db8b860c-faa6-4153-8c1f-e303537fff23] Ack server push request, request = ClientDetectionRequest, requestId = 135
2026-01-26 04:08:01.429 [HikariPool-1 housekeeper] WARN  com.zaxxer.hikari.pool.HikariPool - HikariPool-1 - Thread starvation or clock leap detected (housekeeper delta=11m49s993ms).
2026-01-26 04:23:47.624 [nacos-grpc-client-executor-localhost-1580] INFO  com.alibaba.nacos.common.remote.client - [db8b860c-faa6-4153-8c1f-e303537fff23] Receive server push request, request = ClientDetectionRequest, requestId = 136
2026-01-26 04:23:47.629 [nacos-grpc-client-executor-localhost-1580] INFO  com.alibaba.nacos.common.remote.client - [db8b860c-faa6-4153-8c1f-e303537fff23] Ack server push request, request = ClientDetectionRequest, requestId = 136
2026-01-26 04:23:48.570 [HikariPool-1 housekeeper] WARN  com.zaxxer.hikari.pool.HikariPool - HikariPool-1 - Thread starvation or clock leap detected (housekeeper delta=15m47s141ms).
2026-01-26 04:40:05.564 [HikariPool-1 housekeeper] WARN  com.zaxxer.hikari.pool.HikariPool - HikariPool-1 - Thread starvation or clock leap detected (housekeeper delta=16m16s994ms).
2026-01-26 04:56:39.239 [nacos-grpc-client-executor-localhost-1604] INFO  com.alibaba.nacos.common.remote.client - [db8b860c-faa6-4153-8c1f-e303537fff23] Receive server push request, request = ClientDetectionRequest, requestId = 139
2026-01-26 04:56:39.242 [nacos-grpc-client-executor-localhost-1604] INFO  com.alibaba.nacos.common.remote.client - [db8b860c-faa6-4153-8c1f-e303537fff23] Ack server push request, request = ClientDetectionRequest, requestId = 139
2026-01-26 04:56:40.108 [HikariPool-1 housekeeper] WARN  com.zaxxer.hikari.pool.HikariPool - HikariPool-1 - Thread starvation or clock leap detected (housekeeper delta=16m4s284ms).
2026-01-26 05:08:35.862 [HikariPool-1 housekeeper] WARN  com.zaxxer.hikari.pool.HikariPool - HikariPool-1 - Thread starvation or clock leap detected (housekeeper delta=11m55s754ms).
2026-01-26 05:25:29.244 [nacos-grpc-client-executor-localhost-1628] INFO  com.alibaba.nacos.common.remote.client - [db8b860c-faa6-4153-8c1f-e303537fff23] Receive server push request, request = ClientDetectionRequest, requestId = 141
2026-01-26 05:25:29.247 [nacos-grpc-client-executor-localhost-1628] INFO  com.alibaba.nacos.common.remote.client - [db8b860c-faa6-4153-8c1f-e303537fff23] Ack server push request, request = ClientDetectionRequest, requestId = 141
2026-01-26 05:25:30.022 [HikariPool-1 housekeeper] WARN  com.zaxxer.hikari.pool.HikariPool - HikariPool-1 - Thread starvation or clock leap detected (housekeeper delta=16m24s150ms).
2026-01-26 05:43:47.302 [nacos-grpc-client-executor-localhost-1638] INFO  com.alibaba.nacos.common.remote.client - [db8b860c-faa6-4153-8c1f-e303537fff23] Receive server push request, request = ClientDetectionRequest, requestId = 143
2026-01-26 05:43:47.311 [nacos-grpc-client-executor-localhost-1638] INFO  com.alibaba.nacos.common.remote.client - [db8b860c-faa6-4153-8c1f-e303537fff23] Ack server push request, request = ClientDetectionRequest, requestId = 143
2026-01-26 05:43:48.031 [HikariPool-1 housekeeper] WARN  com.zaxxer.hikari.pool.HikariPool - HikariPool-1 - Thread starvation or clock leap detected (housekeeper delta=18m18s9ms).
2026-01-26 06:00:11.186 [HikariPool-1 housekeeper] WARN  com.zaxxer.hikari.pool.HikariPool - HikariPool-1 - Thread starvation or clock leap detected (housekeeper delta=15m53s25ms).
2026-01-26 06:09:41.701 [nacos-grpc-client-executor-localhost-1665] INFO  com.alibaba.nacos.common.remote.client - [db8b860c-faa6-4153-8c1f-e303537fff23] Receive server push request, request = ClientDetectionRequest, requestId = 146
2026-01-26 06:09:41.704 [nacos-grpc-client-executor-localhost-1665] INFO  com.alibaba.nacos.common.remote.client - [db8b860c-faa6-4153-8c1f-e303537fff23] Ack server push request, request = ClientDetectionRequest, requestId = 146
2026-01-26 06:09:42.333 [HikariPool-1 housekeeper] WARN  com.zaxxer.hikari.pool.HikariPool - HikariPool-1 - Thread starvation or clock leap detected (housekeeper delta=9m31s149ms).
2026-01-26 06:27:07.363 [HikariPool-1 housekeeper] WARN  com.zaxxer.hikari.pool.HikariPool - HikariPool-1 - Thread starvation or clock leap detected (housekeeper delta=16m55s25ms).
2026-01-26 06:45:18.476 [HikariPool-1 housekeeper] WARN  com.zaxxer.hikari.pool.HikariPool - HikariPool-1 - Thread starvation or clock leap detected (housekeeper delta=18m11s113ms).
2026-01-26 07:03:16.039 [nacos-grpc-client-executor-localhost-1705] INFO  com.alibaba.nacos.common.remote.client - [db8b860c-faa6-4153-8c1f-e303537fff23] Receive server push request, request = ClientDetectionRequest, requestId = 150
2026-01-26 07:03:16.041 [nacos-grpc-client-executor-localhost-1705] INFO  com.alibaba.nacos.common.remote.client - [db8b860c-faa6-4153-8c1f-e303537fff23] Ack server push request, request = ClientDetectionRequest, requestId = 150
2026-01-26 07:03:16.543 [HikariPool-1 housekeeper] WARN  com.zaxxer.hikari.pool.HikariPool - HikariPool-1 - Thread starvation or clock leap detected (housekeeper delta=17m28s61ms).
2026-01-26 07:10:49.513 [HikariPool-1 housekeeper] WARN  com.zaxxer.hikari.pool.HikariPool - HikariPool-1 - Thread starvation or clock leap detected (housekeeper delta=7m32s970ms).
2026-01-26 07:36:48.101 [nacos-grpc-client-executor-localhost-1726] INFO  com.alibaba.nacos.common.remote.client - [db8b860c-faa6-4153-8c1f-e303537fff23] Receive server push request, request = ClientDetectionRequest, requestId = 152
2026-01-26 07:36:48.104 [nacos-grpc-client-executor-localhost-1726] INFO  com.alibaba.nacos.common.remote.client - [db8b860c-faa6-4153-8c1f-e303537fff23] Ack server push request, request = ClientDetectionRequest, requestId = 152
2026-01-26 07:36:48.495 [HikariPool-1 housekeeper] WARN  com.zaxxer.hikari.pool.HikariPool - HikariPool-1 - Thread starvation or clock leap detected (housekeeper delta=25m28s973ms).
2026-01-26 08:21:30.735 [nacos-grpc-client-executor-localhost-1735] INFO  com.alibaba.nacos.common.remote.client - [db8b860c-faa6-4153-8c1f-e303537fff23] Receive server push request, request = ClientDetectionRequest, requestId = 154
2026-01-26 08:21:30.737 [nacos-grpc-client-executor-localhost-1735] INFO  com.alibaba.nacos.common.remote.client - [db8b860c-faa6-4153-8c1f-e303537fff23] Ack server push request, request = ClientDetectionRequest, requestId = 154
2026-01-26 08:22:02.432 [HikariPool-1 housekeeper] WARN  com.zaxxer.hikari.pool.HikariPool - HikariPool-1 - Thread starvation or clock leap detected (housekeeper delta=45m13s937ms).
2026-01-26 08:35:24.353 [HikariPool-1 housekeeper] WARN  com.zaxxer.hikari.pool.HikariPool - HikariPool-1 - Thread starvation or clock leap detected (housekeeper delta=13m21s920ms).
2026-01-26 08:36:22.257 [HikariPool-1 housekeeper] WARN  com.zaxxer.hikari.pool.HikariPool - HikariPool-1 - Thread starvation or clock leap detected (housekeeper delta=57s905ms).
2026-01-26 08:42:25.612 [Thread-5] WARN  com.alibaba.nacos.common.notify.NotifyCenter - [NotifyCenter] Start destroying Publisher
2026-01-26 08:42:25.612 [Thread-7] WARN  c.alibaba.nacos.common.http.HttpClientBeanHolder - [HttpClientBeanHolder] Start destroying common HttpClient
2026-01-26 08:42:25.634 [Thread-5] WARN  com.alibaba.nacos.common.notify.NotifyCenter - [NotifyCenter] Destruction of the end
2026-01-26 08:42:25.639 [Thread-7] WARN  c.alibaba.nacos.common.http.HttpClientBeanHolder - [HttpClientBeanHolder] Destruction of the end
2026-01-26 08:42:25.686 [SpringApplicationShutdownHook] INFO  o.s.boot.web.embedded.tomcat.GracefulShutdown - Commencing graceful shutdown. Waiting for active requests to complete
2026-01-26 08:42:25.697 [tomcat-shutdown] INFO  o.s.boot.web.embedded.tomcat.GracefulShutdown - Graceful shutdown complete
2026-01-26 08:42:25.719 [SpringApplicationShutdownHook] INFO  c.a.cloud.nacos.registry.NacosServiceRegistry - De-registering from Nacos Server now...
2026-01-26 08:42:25.720 [SpringApplicationShutdownHook] INFO  com.alibaba.nacos.client.naming - [DEREGISTER-SERVICE] car_dev deregistering service car-base with instance: Instance{instanceId='null', ip='172.27.80.168', port=9001, weight=1.0, healthy=true, enabled=true, ephemeral=true, clusterName='', serviceName='null', metadata={}}
2026-01-26 08:42:28.358 [com.alibaba.nacos.client.naming.grpc.redo.0] INFO  com.alibaba.nacos.client.naming - Redo instance operation UNREGISTER for DEFAULT_GROUP@@car-base
2026-01-26 08:42:28.801 [SpringApplicationShutdownHook] ERROR com.alibaba.nacos.common.remote.client - Send request fail, request = InstanceRequest{headers={app=unknown}, requestId='null'}, retryTimes = 0, errorMessage = java.util.concurrent.TimeoutException: Waited 3000 milliseconds (plus 45 milliseconds, 137250 nanoseconds delay) for com.alibaba.nacos.shaded.io.grpc.stub.ClientCalls$GrpcFuture@5a5a5885[status=PENDING, info=[GrpcFuture{clientCall=ClientCallImpl{method=MethodDescriptor{fullMethodName=Request/request, type=UNARY, idempotent=false, safe=false, sampledToLocalTracing=true, requestMarshaller=com.alibaba.nacos.shaded.io.grpc.protobuf.lite.ProtoLiteUtils$MessageMarshaller@527aabe9, responseMarshaller=com.alibaba.nacos.shaded.io.grpc.protobuf.lite.ProtoLiteUtils$MessageMarshaller@6af49fac, schemaDescriptor=com.alibaba.nacos.api.grpc.auto.RequestGrpc$RequestMethodDescriptorSupplier@2b853164}}}]]
2026-01-26 08:42:28.894 [SpringApplicationShutdownHook] ERROR c.a.cloud.nacos.registry.NacosServiceRegistry - ERR_NACOS_DEREGISTER, de-register failed...NacosRegistration{nacosDiscoveryProperties=NacosDiscoveryProperties{serverAddr='localhost:8848', username='', password='', endpoint='', namespace='car_dev', watchDelay=30000, logName='', service='car-base', weight=1.0, clusterName='', group='DEFAULT_GROUP', namingLoadCacheAtStart='false', metadata={IPv6=[fc56:be12:1744:8573:c048:0:0:1], preserved.register.source=SPRING_CLOUD}, registerEnabled=true, ip='172.27.80.168', networkInterface='', port=9001, secure=false, accessKey='', secretKey='', heartBeatInterval=null, heartBeatTimeout=null, ipDeleteTimeout=null, instanceEnabled=true, ephemeral=true, failureToleranceEnabled=false}, ipDeleteTimeout=null, failFast=true}},
com.alibaba.nacos.api.exception.NacosException: java.util.concurrent.TimeoutException: Waited 3000 milliseconds (plus 45 milliseconds, 137250 nanoseconds delay) for com.alibaba.nacos.shaded.io.grpc.stub.ClientCalls$GrpcFuture@5a5a5885[status=PENDING, info=[GrpcFuture{clientCall=ClientCallImpl{method=MethodDescriptor{fullMethodName=Request/request, type=UNARY, idempotent=false, safe=false, sampledToLocalTracing=true, requestMarshaller=com.alibaba.nacos.shaded.io.grpc.protobuf.lite.ProtoLiteUtils$MessageMarshaller@527aabe9, responseMarshaller=com.alibaba.nacos.shaded.io.grpc.protobuf.lite.ProtoLiteUtils$MessageMarshaller@6af49fac, schemaDescriptor=com.alibaba.nacos.api.grpc.auto.RequestGrpc$RequestMethodDescriptorSupplier@2b853164}}}]]
	at com.alibaba.nacos.common.remote.client.grpc.GrpcConnection.request(GrpcConnection.java:82)
	at com.alibaba.nacos.common.remote.client.RpcClient.request(RpcClient.java:646)
	at com.alibaba.nacos.common.remote.client.RpcClient.request(RpcClient.java:623)
	at com.alibaba.nacos.client.naming.remote.gprc.NamingGrpcClientProxy.requestToServer(NamingGrpcClientProxy.java:447)
	at com.alibaba.nacos.client.naming.remote.gprc.NamingGrpcClientProxy.doDeregisterService(NamingGrpcClientProxy.java:308)
	at com.alibaba.nacos.client.naming.remote.gprc.NamingGrpcClientProxy.deregisterServiceForEphemeral(NamingGrpcClientProxy.java:293)
	at com.alibaba.nacos.client.naming.remote.gprc.NamingGrpcClientProxy.deregisterService(NamingGrpcClientProxy.java:275)
	at com.alibaba.nacos.client.naming.remote.NamingClientProxyDelegate.deregisterService(NamingClientProxyDelegate.java:122)
	at com.alibaba.nacos.client.naming.NacosNamingService.deregisterInstance(NacosNamingService.java:204)
	at com.alibaba.nacos.client.naming.NacosNamingService.deregisterInstance(NacosNamingService.java:192)
	at com.alibaba.cloud.nacos.registry.NacosServiceRegistry.deregister(NacosServiceRegistry.java:107)
	at org.springframework.cloud.client.serviceregistry.AbstractAutoServiceRegistration.deregister(AbstractAutoServiceRegistration.java:281)
	at org.springframework.cloud.client.serviceregistry.AbstractAutoServiceRegistration.stop(AbstractAutoServiceRegistration.java:299)
	at org.springframework.cloud.client.serviceregistry.AbstractAutoServiceRegistration.destroy(AbstractAutoServiceRegistration.java:233)
	at java.base/jdk.internal.reflect.NativeMethodAccessorImpl.invoke0(Native Method)
	at java.base/jdk.internal.reflect.NativeMethodAccessorImpl.invoke(NativeMethodAccessorImpl.java:77)
	at java.base/jdk.internal.reflect.DelegatingMethodAccessorImpl.invoke(DelegatingMethodAccessorImpl.java:43)
	at java.base/java.lang.reflect.Method.invoke(Method.java:569)
	at org.springframework.beans.factory.annotation.InitDestroyAnnotationBeanPostProcessor$LifecycleMethod.invoke(InitDestroyAnnotationBeanPostProcessor.java:457)
	at org.springframework.beans.factory.annotation.InitDestroyAnnotationBeanPostProcessor$LifecycleMetadata.invokeDestroyMethods(InitDestroyAnnotationBeanPostProcessor.java:415)
	at org.springframework.beans.factory.annotation.InitDestroyAnnotationBeanPostProcessor.postProcessBeforeDestruction(InitDestroyAnnotationBeanPostProcessor.java:239)
	at org.springframework.beans.factory.support.DisposableBeanAdapter.destroy(DisposableBeanAdapter.java:202)
	at org.springframework.beans.factory.support.DefaultSingletonBeanRegistry.destroyBean(DefaultSingletonBeanRegistry.java:668)
	at org.springframework.beans.factory.support.DefaultSingletonBeanRegistry.destroySingleton(DefaultSingletonBeanRegistry.java:625)
	at org.springframework.beans.factory.support.DefaultListableBeanFactory.destroySingleton(DefaultListableBeanFactory.java:1368)
	at org.springframework.beans.factory.support.DefaultSingletonBeanRegistry.destroySingletons(DefaultSingletonBeanRegistry.java:584)
	at org.springframework.beans.factory.support.DefaultListableBeanFactory.destroySingletons(DefaultListableBeanFactory.java:1361)
	at org.springframework.context.support.AbstractApplicationContext.destroyBeans(AbstractApplicationContext.java:1219)
	at org.springframework.context.support.AbstractApplicationContext.doClose(AbstractApplicationContext.java:1180)
	at org.springframework.boot.web.servlet.context.ServletWebServerApplicationContext.doClose(ServletWebServerApplicationContext.java:174)
	at org.springframework.context.support.AbstractApplicationContext.close(AbstractApplicationContext.java:1126)
	at org.springframework.boot.SpringApplicationShutdownHook.closeAndWait(SpringApplicationShutdownHook.java:147)
	at java.base/java.lang.Iterable.forEach(Iterable.java:75)
	at org.springframework.boot.SpringApplicationShutdownHook.run(SpringApplicationShutdownHook.java:116)
	at java.base/java.lang.Thread.run(Thread.java:840)
Caused by: java.util.concurrent.TimeoutException: Waited 3000 milliseconds (plus 45 milliseconds, 137250 nanoseconds delay) for com.alibaba.nacos.shaded.io.grpc.stub.ClientCalls$GrpcFuture@5a5a5885[status=PENDING, info=[GrpcFuture{clientCall=ClientCallImpl{method=MethodDescriptor{fullMethodName=Request/request, type=UNARY, idempotent=false, safe=false, sampledToLocalTracing=true, requestMarshaller=com.alibaba.nacos.shaded.io.grpc.protobuf.lite.ProtoLiteUtils$MessageMarshaller@527aabe9, responseMarshaller=com.alibaba.nacos.shaded.io.grpc.protobuf.lite.ProtoLiteUtils$MessageMarshaller@6af49fac, schemaDescriptor=com.alibaba.nacos.api.grpc.auto.RequestGrpc$RequestMethodDescriptorSupplier@2b853164}}}]]
	at com.alibaba.nacos.shaded.com.google.common.util.concurrent.AbstractFuture.get(AbstractFuture.java:531)
	at com.alibaba.nacos.common.remote.client.grpc.GrpcConnection.request(GrpcConnection.java:79)
	... 34 common frames omitted
2026-01-26 08:42:28.902 [SpringApplicationShutdownHook] INFO  c.a.cloud.nacos.registry.NacosServiceRegistry - De-registration finished.
2026-01-26 08:42:28.903 [SpringApplicationShutdownHook] INFO  com.alibaba.nacos.client.naming - com.alibaba.nacos.client.naming.cache.ServiceInfoHolder do shutdown begin
2026-01-26 08:42:28.903 [SpringApplicationShutdownHook] INFO  com.alibaba.nacos.client.naming - com.alibaba.nacos.client.naming.backups.FailoverReactor do shutdown begin
2026-01-26 08:42:28.906 [SpringApplicationShutdownHook] INFO  com.alibaba.nacos.client.naming - com.alibaba.nacos.client.naming.backups.FailoverReactor do shutdown stop
2026-01-26 08:42:28.906 [SpringApplicationShutdownHook] INFO  com.alibaba.nacos.client.naming - com.alibaba.nacos.client.naming.cache.ServiceInfoHolder do shutdown stop
2026-01-26 08:42:28.906 [SpringApplicationShutdownHook] INFO  com.alibaba.nacos.client.naming - com.alibaba.nacos.client.naming.remote.NamingClientProxyDelegate do shutdown begin
2026-01-26 08:42:28.906 [SpringApplicationShutdownHook] INFO  com.alibaba.nacos.client.naming - com.alibaba.nacos.client.naming.core.ServiceInfoUpdateService do shutdown begin
2026-01-26 08:42:28.907 [SpringApplicationShutdownHook] INFO  com.alibaba.nacos.client.naming - com.alibaba.nacos.client.naming.core.ServiceInfoUpdateService do shutdown stop
2026-01-26 08:42:28.907 [SpringApplicationShutdownHook] INFO  com.alibaba.nacos.client.naming - com.alibaba.nacos.client.naming.core.ServerListManager do shutdown begin
2026-01-26 08:42:28.907 [SpringApplicationShutdownHook] WARN  com.alibaba.nacos.client.naming - [NamingHttpClientManager] Start destroying NacosRestTemplate
2026-01-26 08:42:28.907 [SpringApplicationShutdownHook] WARN  com.alibaba.nacos.client.naming - [NamingHttpClientManager] Destruction of the end
2026-01-26 08:42:28.910 [SpringApplicationShutdownHook] INFO  com.alibaba.nacos.client.naming - com.alibaba.nacos.client.naming.core.ServerListManager do shutdown stop
2026-01-26 08:42:28.910 [SpringApplicationShutdownHook] INFO  com.alibaba.nacos.client.naming - com.alibaba.nacos.client.naming.remote.http.NamingHttpClientProxy do shutdown begin
2026-01-26 08:42:28.911 [SpringApplicationShutdownHook] WARN  com.alibaba.nacos.client.naming - [NamingHttpClientManager] Start destroying NacosRestTemplate
2026-01-26 08:42:28.911 [SpringApplicationShutdownHook] WARN  com.alibaba.nacos.client.naming - [NamingHttpClientManager] Destruction of the end
2026-01-26 08:42:28.911 [SpringApplicationShutdownHook] INFO  com.alibaba.nacos.client.naming - com.alibaba.nacos.client.naming.remote.http.NamingHttpClientProxy do shutdown stop
2026-01-26 08:42:28.911 [SpringApplicationShutdownHook] INFO  com.alibaba.nacos.client.naming - Shutdown naming grpc client proxy for  uuid->db8b860c-faa6-4153-8c1f-e303537fff23
2026-01-26 08:42:28.911 [SpringApplicationShutdownHook] INFO  com.alibaba.nacos.client.naming - Shutdown grpc redo service executor java.util.concurrent.ScheduledThreadPoolExecutor@6443f00a[Running, pool size = 1, active threads = 1, queued tasks = 0, completed tasks = 1888]
2026-01-26 08:42:28.911 [SpringApplicationShutdownHook] INFO  com.alibaba.nacos.common.remote.client - Shutdown rpc client, set status to shutdown
2026-01-26 08:42:28.911 [SpringApplicationShutdownHook] INFO  com.alibaba.nacos.common.remote.client - Shutdown client event executor java.util.concurrent.ScheduledThreadPoolExecutor@7818ad9f[Running, pool size = 2, active threads = 2, queued tasks = 0, completed tasks = 0]
2026-01-26 08:42:28.911 [SpringApplicationShutdownHook] INFO  com.alibaba.nacos.common.remote.client - Close current connection 1769311144154_192.168.65.1_17695
2026-01-26 08:42:28.915 [com.alibaba.nacos.client.naming.grpc.redo.0] ERROR com.alibaba.nacos.common.remote.client - Send request fail, request = InstanceRequest{headers={app=unknown}, requestId='null'}, retryTimes = 0, errorMessage = java.lang.InterruptedException
2026-01-26 08:42:28.921 [SpringApplicationShutdownHook] INFO  c.a.nacos.common.remote.client.grpc.GrpcClient - Shutdown grpc executor java.util.concurrent.ThreadPoolExecutor@7b840549[Running, pool size = 3, active threads = 1, queued tasks = 0, completed tasks = 1852]
2026-01-26 08:42:28.923 [SpringApplicationShutdownHook] INFO  com.alibaba.nacos.client.naming - shutdown and remove naming rpc client  for uuid ->db8b860c-faa6-4153-8c1f-e303537fff23
2026-01-26 08:42:28.924 [SpringApplicationShutdownHook] INFO  c.a.n.client.auth.ram.identify.CredentialWatcher - [null] CredentialWatcher is stopped
2026-01-26 08:42:28.925 [SpringApplicationShutdownHook] INFO  c.a.n.client.auth.ram.identify.CredentialService - [null] CredentialService is freed
2026-01-26 08:42:28.926 [SpringApplicationShutdownHook] INFO  com.alibaba.nacos.client.naming - com.alibaba.nacos.client.naming.remote.NamingClientProxyDelegate do shutdown stop
2026-01-26 08:42:28.929 [SpringApplicationShutdownHook] INFO  com.zaxxer.hikari.HikariDataSource - HikariPool-1 - Shutdown initiated...
2026-01-26 08:42:28.930 [com.alibaba.nacos.client.remote.worker.1] INFO  com.alibaba.nacos.common.remote.client - [db8b860c-faa6-4153-8c1f-e303537fff23] Server healthy check fail, currentConnection = 1769311144154_192.168.65.1_17695
2026-01-26 08:42:28.948 [SpringApplicationShutdownHook] INFO  com.zaxxer.hikari.HikariDataSource - HikariPool-1 - Shutdown completed.
